Arguments: 
  C:\Program Files\nodejs\node.exe C:\Users\teaver\AppData\Roaming\npm\node_modules\yarn\bin\yarn.js add parcel

PATH: 
  C:\Python310\Scripts\;C:\Python310\;C:\Windows\system32;C:\Windows;C:\Windows\System32\Wbem;C:\Windows\System32\WindowsPowerShell\v1.0\;C:\Windows\System32\OpenSSH\;C:\Program Files\Git\cmd;C:\Program Files\nodejs\;C:\ProgramData\chocolatey\bin;C:\Program Files (x86)\dotnet\;C:\Program Files\NVIDIA Corporation\NVIDIA NvDLISR;C:\Program Files\Docker\Docker\resources\bin;C:\ProgramData\DockerDesktop\version-bin;C:\Program Files (x86)\NVIDIA Corporation\PhysX\Common;C:\Users\teaver\AppData\Local\Microsoft\WindowsApps;;C:\Users\teaver\AppData\Local\Programs\Microsoft VS Code\bin;C:\Users\teaver\AppData\Roaming\npm

Yarn version: 
  1.22.18

Node version: 
  16.14.2

Platform: 
  win32 x64

Trace: 
  SyntaxError: C:\Users\teaver\Desktop\texture-editor\package.json: Unexpected token } in JSON at position 473
      at JSON.parse (<anonymous>)
      at C:\Users\teaver\AppData\Roaming\npm\node_modules\yarn\lib\cli.js:1625:59
      at Generator.next (<anonymous>)
      at step (C:\Users\teaver\AppData\Roaming\npm\node_modules\yarn\lib\cli.js:310:30)
      at C:\Users\teaver\AppData\Roaming\npm\node_modules\yarn\lib\cli.js:321:13

npm manifest: 
  {
    "name": "texture-editor",
    "version": "1.0.0",
    "description": "squ3 txt editor",
    "main": "index.js",
    "scripts": {
      "start": "parcel ./src/index.html"
    },
    "repository": {
      "type": "git",
      "url": "git+https://github.com/teavver/texture-editor.git"
    },
    "keywords": [],
    "author": "",
    "license": "ISC",
    "bugs": {
      "url": "https://github.com/teavver/texture-editor/issues"
    },
    "homepage": "https://github.com/teavver/texture-editor#readme",
  }

yarn manifest: 
  No manifest

Lockfile: 
  No lockfile
